# JRE version: OpenJDK Runtime Environment Temurin-17.0.6+10 (17.0.6+10) (build 17.0.6+10)
# Java VM: OpenJDK 64-Bit Server VM Temurin-17.0.6+10 (17.0.6+10, mixed mode, tiered, compressed oops, compressed class ptrs, parallel gc, windows-amd64)
GC Precious Log:
 CPUs: 4 total, 4 available
 Memory: 3982M
 Large Page Support: Disabled
 NUMA Support: Disabled
 Compressed Oops: Enabled (32-bit)
 Alignments: Space 512K, Generation 512K, Heap 2M
 Heap Min Capacity: 100M
 Heap Initial Capacity: 100M
 Heap Max Capacity: 1G
 Pre-touch: Disabled
 Parallel Workers: 4
Heap:
 PSYoungGen      total 20480K, used 20263K [0x00000000eab00000, 0x00000000ec900000, 0x0000000100000000)
  eden space 11776K, 100% used [0x00000000eab00000,0x00000000eb680000,0x00000000eb680000)
  from space 8704K, 97% used [0x00000000ec080000,0x00000000ec8c9e68,0x00000000ec900000)
  to   space 9216K, 99% used [0x00000000eb700000,0x00000000ebff8698,0x00000000ec000000)
 ParOldGen       total 145408K, used 113667K [0x00000000c0000000, 0x00000000c8e00000, 0x00000000eab00000)
  object space 145408K, 78% used [0x00000000c0000000,0x00000000c6f00e88,0x00000000c8e00000)
 Metaspace       used 76222K, committed 77312K, reserved 1122304K
  class space    used 7852K, committed 8320K, reserved 1048576K
GC Heap History (20 events):
Event: 208.619 GC heap after
{Heap after GC invocations=120 (full 6):
 PSYoungGen      total 14848K, used 5550K [0x00000000eab00000, 0x00000000ec000000, 0x0000000100000000)
  eden space 8704K, 0% used [0x00000000eab00000,0x00000000eab00000,0x00000000eb380000)
  from space 6144K, 90% used [0x00000000eb380000,0x00000000eb8ebb60,0x00000000eb980000)
  to   space 6144K, 0% used [0x00000000eba00000,0x00000000eba00000,0x00000000ec000000)
 ParOldGen       total 145408K, used 100800K [0x00000000c0000000, 0x00000000c8e00000, 0x00000000eab00000)
  object space 145408K, 69% used [0x00000000c0000000,0x00000000c6270078,0x00000000c8e00000)
 Metaspace       used 74268K, committed 75392K, reserved 1122304K
  class space    used 7645K, committed 8128K, reserved 1048576K
}
Event: 209.455 GC heap before
{Heap before GC invocations=121 (full 6):
 PSYoungGen      total 14848K, used 14254K [0x00000000eab00000, 0x00000000ec000000, 0x0000000100000000)
  eden space 8704K, 100% used [0x00000000eab00000,0x00000000eb380000,0x00000000eb380000)
  from space 6144K, 90% used [0x00000000eb380000,0x00000000eb8ebb60,0x00000000eb980000)
  to   space 6144K, 0% used [0x00000000eba00000,0x00000000eba00000,0x00000000ec000000)
 ParOldGen       total 145408K, used 100800K [0x00000000c0000000, 0x00000000c8e00000, 0x00000000eab00000)
  object space 145408K, 69% used [0x00000000c0000000,0x00000000c6270078,0x00000000c8e00000)
 Metaspace       used 74330K, committed 75456K, reserved 1122304K
  class space    used 7645K, committed 8128K, reserved 1048576K
}
Event: 209.463 GC heap after
{Heap after GC invocations=121 (full 6):
 PSYoungGen      total 14848K, used 6122K [0x00000000eab00000, 0x00000000ec180000, 0x0000000100000000)
  eden space 8704K, 0% used [0x00000000eab00000,0x00000000eab00000,0x00000000eb380000)
  from space 6144K, 99% used [0x00000000eba00000,0x00000000ebffaa30,0x00000000ec000000)
  to   space 6656K, 0% used [0x00000000eb380000,0x00000000eb380000,0x00000000eba00000)
 ParOldGen       total 145408K, used 100920K [0x00000000c0000000, 0x00000000c8e00000, 0x00000000eab00000)
  object space 145408K, 69% used [0x00000000c0000000,0x00000000c628e098,0x00000000c8e00000)
 Metaspace       used 74330K, committed 75456K, reserved 1122304K
  class space    used 7645K, committed 8128K, reserved 1048576K
}
Event: 209.542 GC heap before
{Heap before GC invocations=122 (full 6):
 PSYoungGen      total 14848K, used 14826K [0x00000000eab00000, 0x00000000ec180000, 0x0000000100000000)
  eden space 8704K, 100% used [0x00000000eab00000,0x00000000eb380000,0x00000000eb380000)
  from space 6144K, 99% used [0x00000000eba00000,0x00000000ebffaa30,0x00000000ec000000)
  to   space 6656K, 0% used [0x00000000eb380000,0x00000000eb380000,0x00000000eba00000)
 ParOldGen       total 145408K, used 100920K [0x00000000c0000000, 0x00000000c8e00000, 0x00000000eab00000)
  object space 145408K, 69% used [0x00000000c0000000,0x00000000c628e098,0x00000000c8e00000)
 Metaspace       used 74369K, committed 75456K, reserved 1122304K
  class space    used 7648K, committed 8128K, reserved 1048576K
}
Event: 209.547 GC heap after
{Heap after GC invocations=122 (full 6):
 PSYoungGen      total 15360K, used 6634K [0x00000000eab00000, 0x00000000ec480000, 0x0000000100000000)
  eden space 8704K, 0% used [0x00000000eab00000,0x00000000eab00000,0x00000000eb380000)
  from space 6656K, 99% used [0x00000000eb380000,0x00000000eb9faa50,0x00000000eba00000)
  to   space 8192K, 0% used [0x00000000ebc80000,0x00000000ebc80000,0x00000000ec480000)
 ParOldGen       total 145408K, used 101891K [0x00000000c0000000, 0x00000000c8e00000, 0x00000000eab00000)
  object space 145408K, 70% used [0x00000000c0000000,0x00000000c6380f88,0x00000000c8e00000)
 Metaspace       used 74369K, committed 75456K, reserved 1122304K
  class space    used 7648K, committed 8128K, reserved 1048576K
}
Event: 209.592 GC heap before
{Heap before GC invocations=123 (full 6):
 PSYoungGen      total 15360K, used 15338K [0x00000000eab00000, 0x00000000ec480000, 0x0000000100000000)
  eden space 8704K, 100% used [0x00000000eab00000,0x00000000eb380000,0x00000000eb380000)
  from space 6656K, 99% used [0x00000000eb380000,0x00000000eb9faa50,0x00000000eba00000)
  to   space 8192K, 0% used [0x00000000ebc80000,0x00000000ebc80000,0x00000000ec480000)
 ParOldGen       total 145408K, used 101891K [0x00000000c0000000, 0x00000000c8e00000, 0x00000000eab00000)
  object space 145408K, 70% used [0x00000000c0000000,0x00000000c6380f88,0x00000000c8e00000)
 Metaspace       used 74379K, committed 75520K, reserved 1122304K
  class space    used 7648K, committed 8128K, reserved 1048576K
}
Event: 209.599 GC heap after
{Heap after GC invocations=123 (full 6):
 PSYoungGen      total 17920K, used 7878K [0x00000000eab00000, 0x00000000ec480000, 0x0000000100000000)
  eden space 9728K, 0% used [0x00000000eab00000,0x00000000eab00000,0x00000000eb480000)
  from space 8192K, 96% used [0x00000000ebc80000,0x00000000ec431900,0x00000000ec480000)
  to   space 8192K, 0% used [0x00000000eb480000,0x00000000eb480000,0x00000000ebc80000)
 ParOldGen       total 145408K, used 101955K [0x00000000c0000000, 0x00000000c8e00000, 0x00000000eab00000)
  object space 145408K, 70% used [0x00000000c0000000,0x00000000c6390f88,0x00000000c8e00000)
 Metaspace       used 74379K, committed 75520K, reserved 1122304K
  class space    used 7648K, committed 8128K, reserved 1048576K
}
Event: 211.335 GC heap before
{Heap before GC invocations=124 (full 6):
 PSYoungGen      total 17920K, used 17606K [0x00000000eab00000, 0x00000000ec480000, 0x0000000100000000)
  eden space 9728K, 100% used [0x00000000eab00000,0x00000000eb480000,0x00000000eb480000)
  from space 8192K, 96% used [0x00000000ebc80000,0x00000000ec431900,0x00000000ec480000)
  to   space 8192K, 0% used [0x00000000eb480000,0x00000000eb480000,0x00000000ebc80000)
 ParOldGen       total 145408K, used 101955K [0x00000000c0000000, 0x00000000c8e00000, 0x00000000eab00000)
  object space 145408K, 70% used [0x00000000c0000000,0x00000000c6390f88,0x00000000c8e00000)
 Metaspace       used 74419K, committed 75520K, reserved 1122304K
  class space    used 7650K, committed 8128K, reserved 1048576K
}
Event: 211.343 GC heap after
{Heap after GC invocations=124 (full 6):
 PSYoungGen      total 17920K, used 7865K [0x00000000eab00000, 0x00000000ec580000, 0x0000000100000000)
  eden space 9728K, 0% used [0x00000000eab00000,0x00000000eab00000,0x00000000eb480000)
  from space 8192K, 96% used [0x00000000eb480000,0x00000000ebc2e550,0x00000000ebc80000)
  to   space 8192K, 0% used [0x00000000ebd80000,0x00000000ebd80000,0x00000000ec580000)
 ParOldGen       total 145408K, used 101955K [0x00000000c0000000, 0x00000000c8e00000, 0x00000000eab00000)
  object space 145408K, 70% used [0x00000000c0000000,0x00000000c6390f88,0x00000000c8e00000)
 Metaspace       used 74419K, committed 75520K, reserved 1122304K
  class space    used 7650K, committed 8128K, reserved 1048576K
}
Event: 213.606 GC heap before
{Heap before GC invocations=125 (full 6):
 PSYoungGen      total 17920K, used 17593K [0x00000000eab00000, 0x00000000ec580000, 0x0000000100000000)
  eden space 9728K, 100% used [0x00000000eab00000,0x00000000eb480000,0x00000000eb480000)
  from space 8192K, 96% used [0x00000000eb480000,0x00000000ebc2e550,0x00000000ebc80000)
  to   space 8192K, 0% used [0x00000000ebd80000,0x00000000ebd80000,0x00000000ec580000)
 ParOldGen       total 145408K, used 101955K [0x00000000c0000000, 0x00000000c8e00000, 0x00000000eab00000)
  object space 145408K, 70% used [0x00000000c0000000,0x00000000c6390f88,0x00000000c8e00000)
 Metaspace       used 74736K, committed 75776K, reserved 1122304K
  class space    used 7665K, committed 8128K, reserved 1048576K
}
Event: 213.614 GC heap after
{Heap after GC invocations=125 (full 6):
 PSYoungGen      total 17920K, used 7638K [0x00000000eab00000, 0x00000000ec500000, 0x0000000100000000)
  eden space 10240K, 0% used [0x00000000eab00000,0x00000000eab00000,0x00000000eb500000)
  from space 7680K, 99% used [0x00000000ebd80000,0x00000000ec4f58f0,0x00000000ec500000)
  to   space 8192K, 0% used [0x00000000eb500000,0x00000000eb500000,0x00000000ebd00000)
 ParOldGen       total 145408K, used 101955K [0x00000000c0000000, 0x00000000c8e00000, 0x00000000eab00000)
  object space 145408K, 70% used [0x00000000c0000000,0x00000000c6390f88,0x00000000c8e00000)
 Metaspace       used 74736K, committed 75776K, reserved 1122304K
  class space    used 7665K, committed 8128K, reserved 1048576K
}
Event: 213.749 GC heap before
{Heap before GC invocations=126 (full 6):
 PSYoungGen      total 17920K, used 17878K [0x00000000eab00000, 0x00000000ec500000, 0x0000000100000000)
  eden space 10240K, 100% used [0x00000000eab00000,0x00000000eb500000,0x00000000eb500000)
  from space 7680K, 99% used [0x00000000ebd80000,0x00000000ec4f58f0,0x00000000ec500000)
  to   space 8192K, 0% used [0x00000000eb500000,0x00000000eb500000,0x00000000ebd00000)
 ParOldGen       total 145408K, used 101955K [0x00000000c0000000, 0x00000000c8e00000, 0x00000000eab00000)
  object space 145408K, 70% used [0x00000000c0000000,0x00000000c6390f88,0x00000000c8e00000)
 Metaspace       used 74822K, committed 75904K, reserved 1122304K
  class space    used 7675K, committed 8128K, reserved 1048576K
}
Event: 213.757 GC heap after
{Heap after GC invocations=126 (full 6):
 PSYoungGen      total 18432K, used 7345K [0x00000000eab00000, 0x00000000ec480000, 0x0000000100000000)
  eden space 10240K, 0% used [0x00000000eab00000,0x00000000eab00000,0x00000000eb500000)
  from space 8192K, 89% used [0x00000000eb500000,0x00000000ebc2c780,0x00000000ebd00000)
  to   space 7680K, 0% used [0x00000000ebd00000,0x00000000ebd00000,0x00000000ec480000)
 ParOldGen       total 145408K, used 102621K [0x00000000c0000000, 0x00000000c8e00000, 0x00000000eab00000)
  object space 145408K, 70% used [0x00000000c0000000,0x00000000c6437508,0x00000000c8e00000)
 Metaspace       used 74822K, committed 75904K, reserved 1122304K
  class space    used 7675K, committed 8128K, reserved 1048576K
}
Event: 213.887 GC heap before
{Heap before GC invocations=127 (full 6):
 PSYoungGen      total 18432K, used 17585K [0x00000000eab00000, 0x00000000ec480000, 0x0000000100000000)
  eden space 10240K, 100% used [0x00000000eab00000,0x00000000eb500000,0x00000000eb500000)
  from space 8192K, 89% used [0x00000000eb500000,0x00000000ebc2c780,0x00000000ebd00000)
  to   space 7680K, 0% used [0x00000000ebd00000,0x00000000ebd00000,0x00000000ec480000)
 ParOldGen       total 145408K, used 102621K [0x00000000c0000000, 0x00000000c8e00000, 0x00000000eab00000)
  object space 145408K, 70% used [0x00000000c0000000,0x00000000c6437508,0x00000000c8e00000)
 Metaspace       used 75009K, committed 76096K, reserved 1122304K
  class space    used 7695K, committed 8192K, reserved 1048576K
}
Event: 213.895 GC heap after
{Heap after GC invocations=127 (full 6):
 PSYoungGen      total 18432K, used 7168K [0x00000000eab00000, 0x00000000ec480000, 0x0000000100000000)
  eden space 10752K, 0% used [0x00000000eab00000,0x00000000eab00000,0x00000000eb580000)
  from space 7680K, 93% used [0x00000000ebd00000,0x00000000ec400278,0x00000000ec480000)
  to   space 7680K, 0% used [0x00000000eb580000,0x00000000eb580000,0x00000000ebd00000)
 ParOldGen       total 145408K, used 103860K [0x00000000c0000000, 0x00000000c8e00000, 0x00000000eab00000)
  object space 145408K, 71% used [0x00000000c0000000,0x00000000c656d228,0x00000000c8e00000)
 Metaspace       used 75009K, committed 76096K, reserved 1122304K
  class space    used 7695K, committed 8192K, reserved 1048576K
}
Event: 214.101 GC heap before
{Heap before GC invocations=128 (full 6):
 PSYoungGen      total 18432K, used 17920K [0x00000000eab00000, 0x00000000ec480000, 0x0000000100000000)
  eden space 10752K, 100% used [0x00000000eab00000,0x00000000eb580000,0x00000000eb580000)
  from space 7680K, 93% used [0x00000000ebd00000,0x00000000ec400278,0x00000000ec480000)
  to   space 7680K, 0% used [0x00000000eb580000,0x00000000eb580000,0x00000000ebd00000)
 ParOldGen       total 145408K, used 103860K [0x00000000c0000000, 0x00000000c8e00000, 0x00000000eab00000)
  object space 145408K, 71% used [0x00000000c0000000,0x00000000c656d228,0x00000000c8e00000)
 Metaspace       used 75647K, committed 76736K, reserved 1122304K
  class space    used 7786K, committed 8256K, reserved 1048576K
}
Event: 214.108 GC heap after
{Heap after GC invocations=128 (full 6):
 PSYoungGen      total 18432K, used 7678K [0x00000000eab00000, 0x00000000eca80000, 0x0000000100000000)
  eden space 10752K, 0% used [0x00000000eab00000,0x00000000eab00000,0x00000000eb580000)
  from space 7680K, 99% used [0x00000000eb580000,0x00000000ebcff998,0x00000000ebd00000)
  to   space 10240K, 0% used [0x00000000ec080000,0x00000000ec080000,0x00000000eca80000)
 ParOldGen       total 145408K, used 105635K [0x00000000c0000000, 0x00000000c8e00000, 0x00000000eab00000)
  object space 145408K, 72% used [0x00000000c0000000,0x00000000c6728f78,0x00000000c8e00000)
 Metaspace       used 75647K, committed 76736K, reserved 1122304K
  class space    used 7786K, committed 8256K, reserved 1048576K
}
Event: 214.263 GC heap before
{Heap before GC invocations=129 (full 6):
 PSYoungGen      total 18432K, used 18430K [0x00000000eab00000, 0x00000000eca80000, 0x0000000100000000)
  eden space 10752K, 100% used [0x00000000eab00000,0x00000000eb580000,0x00000000eb580000)
  from space 7680K, 99% used [0x00000000eb580000,0x00000000ebcff998,0x00000000ebd00000)
  to   space 10240K, 0% used [0x00000000ec080000,0x00000000ec080000,0x00000000eca80000)
 ParOldGen       total 145408K, used 105635K [0x00000000c0000000, 0x00000000c8e00000, 0x00000000eab00000)
  object space 145408K, 72% used [0x00000000c0000000,0x00000000c6728f78,0x00000000c8e00000)
 Metaspace       used 76141K, committed 77248K, reserved 1122304K
  class space    used 7849K, committed 8320K, reserved 1048576K
}
Event: 214.272 GC heap after
{Heap after GC invocations=129 (full 6):
 PSYoungGen      total 20480K, used 8487K [0x00000000eab00000, 0x00000000ec900000, 0x0000000100000000)
  eden space 11776K, 0% used [0x00000000eab00000,0x00000000eab00000,0x00000000eb680000)
  from space 8704K, 97% used [0x00000000ec080000,0x00000000ec8c9e68,0x00000000ec900000)
  to   space 9216K, 0% used [0x00000000eb700000,0x00000000eb700000,0x00000000ec000000)
 ParOldGen       total 145408K, used 105691K [0x00000000c0000000, 0x00000000c8e00000, 0x00000000eab00000)
  object space 145408K, 72% used [0x00000000c0000000,0x00000000c6736f78,0x00000000c8e00000)
 Metaspace       used 76141K, committed 77248K, reserved 1122304K
  class space    used 7849K, committed 8320K, reserved 1048576K
}
Event: 214.415 GC heap before
{Heap before GC invocations=130 (full 6):
 PSYoungGen      total 20480K, used 20263K [0x00000000eab00000, 0x00000000ec900000, 0x0000000100000000)
  eden space 11776K, 100% used [0x00000000eab00000,0x00000000eb680000,0x00000000eb680000)
  from space 8704K, 97% used [0x00000000ec080000,0x00000000ec8c9e68,0x00000000ec900000)
  to   space 9216K, 0% used [0x00000000eb700000,0x00000000eb700000,0x00000000ec000000)
 ParOldGen       total 145408K, used 105691K [0x00000000c0000000, 0x00000000c8e00000, 0x00000000eab00000)
  object space 145408K, 72% used [0x00000000c0000000,0x00000000c6736f78,0x00000000c8e00000)
 Metaspace       used 76222K, committed 77312K, reserved 1122304K
  class space    used 7852K, committed 8320K, reserved 1048576K
}

